test2,Snowden,2020/03/07 06:25,2021/03/12 11:02
srodliffh,Avengers: Infinity War,2020/11/23 10:11,2021/10/09 06:58
test,Rapid Development,2020/07/21 11:48,2021/05/10 16:22
bgaigerc,The Good The Bad and The Ugly,2020/04/05 15:44,2021/02/22 05:08
test,Continuous Delivery,2020/08/26 20:50,2021/06/18 01:19
test2,The Self-Taught Programmer,2020/07/04 15:23,2021/06/07 15:22
clagdenf,The Northwest Ordinance,2020/04/08 19:10,2021/02/13 18:15
srodliffh,Rapid Development,2020/09/27 05:51,2021/09/12 23:11
clagdenf,Coders at work,2020/02/22 03:44,2021/05/03 10:04
clagdenf,Jumanji: The Next Level,2020/06/13 17:52,2021/06/27 17:04
fschollj,Jumanji: The Next Level,2020/09/12 12:11,2021/06/24 23:46
test2,300: Rise of an Empire,2020/06/12 04:13,2021/03/20 02:55
azottog,Continuous Delivery,2020/05/14 11:56,2021/07/22 17:15
srodliffh,The Self-Taught Programmer,2020/09/25 09:06,2021/02/14 20:30
cmccoishd,The Declaration of Independence,2020/03/14 10:46,2021/02/21 13:04
gprobbingi,Snowden,2020/04/17 00:59,2021/08/16 05:15
bgaigerc,Domain-Driven Design,2020/07/20 21:32,2021/04/06 17:04
clagdenf,The Self-Taught Programmer,2020/05/16 09:32,2021/02/08 13:55
fschollj,The Northwest Ordinance,2020/05/12 22:03,2021/07/08 17:01
azottog,300: Rise of an Empire,2020/04/17 10:50,2021/09/01 15:13
test2,The Economist,2020/08/05 18:37,2021/05/15 03:46
test2,The Self-Taught Programmer,2020/10/03 03:34,2021/11/20 04:42
sbynethe,Jumanji: The Next Level,2020/01/11 20:44,2021/02/23 16:24
test2,The Self-Taught Programmer,2020/04/19 01:39,2021/08/27 01:16
srodliffh,Treaty of Versailles,2020/06/08 18:44,2021/03/28 18:28
bgaigerc,The Economist,2020/07/10 10:22,2021/08/24 04:44
gprobbingi,The Self-Taught Programmer,2020/03/05 05:22,2021/02/08 03:26
gprobbingi,Jumanji: The Next Level,2020/02/21 09:12,2021/12/26 10:10
cmccoishd,Rapid Development,2020/08/06 05:56,2021/06/15 08:43
test,Coders at work,2020/04/23 11:44,2021/03/07 09:22
srodliffh,The Declaration of Independence,03/03/2022 05:03,04/03/2022 01:10
